<?xml version="1.0" encoding="UTF-8"?>
<!-- Generated by org.testng.reporters.JUnitReportReporter -->
<testsuite hostname="Anish" failures="0" tests="1" name="IndiaToday.SwipeDemo" time="5.467" errors="0" timestamp="2023-11-19T19:41:00 IST" skipped="0">
  <testcase classname="IndiaToday.SwipeDemo" name="swipeDemoMethod" time="5.467"/>
</testsuite> <!-- IndiaToday.SwipeDemo -->
