<?xml version="1.0" encoding="UTF-8"?>
<!-- Generated by org.testng.reporters.JUnitReportReporter -->
<testsuite hostname="Anish" failures="0" tests="1" name="IndiaToday.MiscellanousActions" time="12.274" errors="0" timestamp="2023-11-20T20:50:40 IST" skipped="0">
  <testcase classname="IndiaToday.MiscellanousActions" name="Miscellanous" time="12.274"/>
</testsuite> <!-- IndiaToday.MiscellanousActions -->
