<?xml version="1.0" encoding="UTF-8"?>
<!-- Generated by org.testng.reporters.JUnitReportReporter -->
<testsuite hostname="Anish" failures="0" tests="1" name="IndiaToday.AndroidBasics" time="6.854" errors="0" timestamp="2023-11-19T12:11:25 IST" skipped="0">
  <testcase classname="IndiaToday.AndroidBasics" name="wifiSetting" time="6.854"/>
</testsuite> <!-- IndiaToday.AndroidBasics -->
