<?xml version="1.0" encoding="UTF-8"?>
<!-- Generated by org.testng.reporters.JUnitReportReporter -->
<testsuite hostname="Anish" failures="0" tests="1" name="IndiaToday.LongPress" time="8.472" errors="0" timestamp="2023-11-19T17:31:55 IST" skipped="0">
  <testcase classname="IndiaToday.LongPress" name="lognPressMethod" time="8.472"/>
</testsuite> <!-- IndiaToday.LongPress -->
