<?xml version="1.0" encoding="UTF-8"?>
<!-- Generated by org.testng.reporters.JUnitReportReporter -->
<testsuite skipped="0" hostname="ASDLAPKCH0119" name="com.w2a.testcases.PracticeTest" tests="1" failures="0" timestamp="2023-04-28T12:14:05 IST" time="20.185" errors="0">
  <testcase name="run" time="20.185" classname="com.w2a.testcases.PracticeTest"/>
  <system-out/>
</testsuite> <!-- com.w2a.testcases.PracticeTest -->
