<?xml version="1.0" encoding="UTF-8"?>
<!-- Generated by org.testng.reporters.JUnitReportReporter -->
<testsuite skipped="1" hostname="DESKTOP-4U73KN9" name="com.w2a.testcases.BankManagerLoginTest" tests="1" failures="0" timestamp="2023-04-25T16:03:11 IST" time="0.000" errors="0">
  <testcase name="bankManagerLoginTest" time="0.000" classname="com.w2a.testcases.BankManagerLoginTest">
    <skipped/>
  </testcase> <!-- bankManagerLoginTest -->
  <system-out/>
</testsuite> <!-- com.w2a.testcases.BankManagerLoginTest -->
